2021-05-17 13:08:21,347 [DEBUG] py4...: Calling commands_get('wikipathways import-as-network id="WP4010"')
2021-05-17 13:08:21,348 [DEBUG] py4...: Attempting to connect to local Cytoscape
2021-05-17 13:08:21,359 [DEBUG] py4...: Detected local Cytoscape
2021-05-17 13:08:21,359 [DEBUG] py4...: HTTP POST(http://127.0.0.1:1234/v1/commands/filetransfer/setSandbox), json: {'sandboxName': 'default_sandbox', 'copySamples': True, 'reinitialize': True}
2021-05-17 13:08:21,398 [DEBUG] py4...: OK[200], content: {
 "data": {"sandboxPath":"/home/marvin.martens/CytoscapeConfiguration/filetransfer/default_sandbox"},
 "errors":[]
}
2021-05-17 13:08:21,398 [DEBUG] py4...: HTTP GET(http://127.0.0.1:1234/v1/commands/wikipathways/import-as-network), params: {'id': 'WP4010'}
2021-05-17 13:08:23,674 [DEBUG] py4...: OK[200], content: Finished

2021-05-17 13:08:23,675 [DEBUG] py4...: Returning 'commands_get': []
2021-05-17 13:08:23,675 [DEBUG] py4...: --------------------
2021-05-17 13:08:35,845 [DEBUG] py4...: Calling commands_get('cytargetlinker extend idAttribute="XrefId" linkSetFiles="/home/marvin.martens/Documents/Teaching/2021/Bachelor internship/2021-internship/newFolder2/wikipathways-feb2021.xgmml" network=current')
2021-05-17 13:08:35,845 [DEBUG] py4...: HTTP GET(http://127.0.0.1:1234/v1/commands/cytargetlinker/extend), params: {'idAttribute': 'XrefId', 'linkSetFiles': '/home/marvin.martens/Documents/Teaching/2021/Bachelor internship/2021-internship/newFolder2/wikipathways-feb2021.xgmml', 'network': 'current'}
2021-05-17 13:08:36,906 [DEBUG] py4...: OK[200], content: Extension step: 1
Linkset: WikiPathways-BBS3004_Homo sapiens_20210312
Added edges: 911
Added nodes: 655

Finished

2021-05-17 13:08:36,906 [DEBUG] py4...: Returning 'commands_get': ['Extension step: 1', 'Linkset: WikiPathways-BBS3004_Homo sapiens_20210312', 'Added edges: 911', 'Added nodes: 655']
2021-05-17 13:08:36,906 [DEBUG] py4...: --------------------
2021-05-17 13:08:51,304 [DEBUG] py4...: Calling commands_get('vizmap load file file="/home/marvin.martens/Documents/Teaching/2021/Bachelor internship/2021-internship/newFolder2/viz-style-usecase2.xml"')
2021-05-17 13:08:51,305 [DEBUG] py4...: HTTP GET(http://127.0.0.1:1234/v1/commands/vizmap/load%20file), params: {'file': '/home/marvin.martens/Documents/Teaching/2021/Bachelor internship/2021-internship/newFolder2/viz-style-usecase2.xml'}
2021-05-17 13:08:51,337 [DEBUG] py4...: OK[200], content: Loaded styles:
CTL Gene Pathway Network_0
Finished

2021-05-17 13:08:51,337 [DEBUG] py4...: Returning 'commands_get': ['Loaded styles:', 'CTL Gene Pathway Network_0']
2021-05-17 13:08:51,337 [DEBUG] py4...: --------------------
2021-05-17 13:10:26,979 [DEBUG] py4...: Calling commands_get('wikipathways import-as-network id="WP4010"')
2021-05-17 13:10:26,979 [DEBUG] py4...: HTTP GET(http://127.0.0.1:1234/v1/commands/wikipathways/import-as-network), params: {'id': 'WP4010'}
2021-05-17 13:10:29,065 [DEBUG] py4...: OK[200], content: Finished

2021-05-17 13:10:29,065 [DEBUG] py4...: Returning 'commands_get': []
2021-05-17 13:10:29,065 [DEBUG] py4...: --------------------
2021-05-17 13:10:29,072 [DEBUG] py4...: Calling commands_get('cytargetlinker extend idAttribute="XrefId" linkSetFiles="/home/marvin.martens/Documents/Teaching/2021/Bachelor internship/2021-internship/Marvin/wikipathways-feb2021.xgmml" network=current')
2021-05-17 13:10:29,073 [DEBUG] py4...: HTTP GET(http://127.0.0.1:1234/v1/commands/cytargetlinker/extend), params: {'idAttribute': 'XrefId', 'linkSetFiles': '/home/marvin.martens/Documents/Teaching/2021/Bachelor internship/2021-internship/Marvin/wikipathways-feb2021.xgmml', 'network': 'current'}
2021-05-17 13:10:30,040 [DEBUG] py4...: OK[200], content: Extension step: 1
Linkset: WikiPathways-BBS3004_Homo sapiens_20210312
Added edges: 911
Added nodes: 655

Finished

2021-05-17 13:10:30,041 [DEBUG] py4...: Returning 'commands_get': ['Extension step: 1', 'Linkset: WikiPathways-BBS3004_Homo sapiens_20210312', 'Added edges: 911', 'Added nodes: 655']
2021-05-17 13:10:30,041 [DEBUG] py4...: --------------------
2021-05-17 13:10:47,056 [DEBUG] py4...: Calling commands_get('vizmap load file file="/home/marvin.martens/Documents/Teaching/2021/Bachelor internship/2021-internship/Marvin/viz-style-usecase2.xml"')
2021-05-17 13:10:47,056 [DEBUG] py4...: HTTP GET(http://127.0.0.1:1234/v1/commands/vizmap/load%20file), params: {'file': '/home/marvin.martens/Documents/Teaching/2021/Bachelor internship/2021-internship/Marvin/viz-style-usecase2.xml'}
2021-05-17 13:10:47,088 [DEBUG] py4...: OK[200], content: Loaded styles:
CTL Gene Pathway Network_1
Finished

2021-05-17 13:10:47,088 [DEBUG] py4...: Returning 'commands_get': ['Loaded styles:', 'CTL Gene Pathway Network_1']
2021-05-17 13:10:47,088 [DEBUG] py4...: --------------------
2021-05-17 13:11:05,490 [DEBUG] py4...: Calling commands_get('vizmap apply styles="CTL Gene Pathway Network"')
2021-05-17 13:11:05,491 [DEBUG] py4...: HTTP GET(http://127.0.0.1:1234/v1/commands/vizmap/apply), params: {'styles': 'CTL Gene Pathway Network'}
2021-05-17 13:11:05,636 [DEBUG] py4...: OK[200], content: Style applied to views:
CTL_Liver steatosis adverse outcome pathway - Homo sapiens_6 (SUID: 37630)
Finished

2021-05-17 13:11:05,637 [DEBUG] py4...: Returning 'commands_get': ['Style applied to views:', 'CTL_Liver steatosis adverse outcome pathway - Homo sapiens_6 (SUID: 37630)']
2021-05-17 13:11:05,637 [DEBUG] py4...: --------------------
2021-05-17 13:15:58,405 [DEBUG] py4...: Calling commands_get('wikipathways import-as-network id="WP4010"')
2021-05-17 13:15:58,405 [DEBUG] py4...: Attempting to connect to local Cytoscape
2021-05-17 13:15:58,414 [DEBUG] py4...: Detected local Cytoscape
2021-05-17 13:15:58,414 [DEBUG] py4...: HTTP POST(http://127.0.0.1:1234/v1/commands/filetransfer/setSandbox), json: {'sandboxName': 'default_sandbox', 'copySamples': True, 'reinitialize': True}
2021-05-17 13:15:58,444 [DEBUG] py4...: OK[200], content: {
 "data": {"sandboxPath":"/home/marvin.martens/CytoscapeConfiguration/filetransfer/default_sandbox"},
 "errors":[]
}
2021-05-17 13:15:58,445 [DEBUG] py4...: HTTP GET(http://127.0.0.1:1234/v1/commands/wikipathways/import-as-network), params: {'id': 'WP4010'}
2021-05-17 13:16:00,829 [DEBUG] py4...: OK[200], content: Finished

2021-05-17 13:16:00,829 [DEBUG] py4...: Returning 'commands_get': []
2021-05-17 13:16:00,829 [DEBUG] py4...: --------------------
2021-05-17 13:16:00,844 [DEBUG] py4...: Calling commands_get('cytargetlinker extend idAttribute="XrefId" linkSetFiles="/home/marvin.martens/Documents/Teaching/2021/Bachelor internship/2021-internship/Marvin/wikipathways-feb2021.xgmml" network=current')
2021-05-17 13:16:00,845 [DEBUG] py4...: HTTP GET(http://127.0.0.1:1234/v1/commands/cytargetlinker/extend), params: {'idAttribute': 'XrefId', 'linkSetFiles': '/home/marvin.martens/Documents/Teaching/2021/Bachelor internship/2021-internship/Marvin/wikipathways-feb2021.xgmml', 'network': 'current'}
2021-05-17 13:16:01,858 [DEBUG] py4...: OK[200], content: Extension step: 1
Linkset: WikiPathways-BBS3004_Homo sapiens_20210312
Added edges: 911
Added nodes: 655

Finished

2021-05-17 13:16:01,858 [DEBUG] py4...: Returning 'commands_get': ['Extension step: 1', 'Linkset: WikiPathways-BBS3004_Homo sapiens_20210312', 'Added edges: 911', 'Added nodes: 655']
2021-05-17 13:16:01,859 [DEBUG] py4...: --------------------
2021-05-17 13:16:01,868 [DEBUG] py4...: Calling commands_get('vizmap load file file="/home/marvin.martens/Documents/Teaching/2021/Bachelor internship/2021-internship/Marvin/viz-style-usecase2.xml"')
2021-05-17 13:16:01,869 [DEBUG] py4...: HTTP GET(http://127.0.0.1:1234/v1/commands/vizmap/load%20file), params: {'file': '/home/marvin.martens/Documents/Teaching/2021/Bachelor internship/2021-internship/Marvin/viz-style-usecase2.xml'}
2021-05-17 13:16:01,911 [DEBUG] py4...: OK[200], content: Loaded styles:
CTL Gene Pathway Network_2
Finished

2021-05-17 13:16:01,911 [DEBUG] py4...: Returning 'commands_get': ['Loaded styles:', 'CTL Gene Pathway Network_2']
2021-05-17 13:16:01,911 [DEBUG] py4...: --------------------
2021-05-17 13:16:01,921 [DEBUG] py4...: Calling commands_get('vizmap apply styles="CTL Gene Pathway Network"')
2021-05-17 13:16:01,921 [DEBUG] py4...: HTTP GET(http://127.0.0.1:1234/v1/commands/vizmap/apply), params: {'styles': 'CTL Gene Pathway Network'}
2021-05-17 13:16:02,069 [DEBUG] py4...: OK[200], content: Style applied to views:
CTL_Liver steatosis adverse outcome pathway - Homo sapiens_7 (SUID: 41216)
Finished

2021-05-17 13:16:02,069 [DEBUG] py4...: Returning 'commands_get': ['Style applied to views:', 'CTL_Liver steatosis adverse outcome pathway - Homo sapiens_7 (SUID: 41216)']
2021-05-17 13:16:02,069 [DEBUG] py4...: --------------------
